Using pre-set license
Built from '2021.2/staging' branch; Version is '2021.2.0b9 (162b5e238388) revision 1452894'; Using compiler version '192829333'; Build Type 'Release'
OS: 'Windows 10 Pro; OS build 19043.1237; Version 2009; 64bit' Language: 'pt' Physical Memory: 14274 MB
BatchMode: 1, IsHumanControllingUs: 0, StartBugReporterOnCrash: 0, Is64bit: 1, IsPro: 0

COMMAND LINE ARGUMENTS:
C:\Program Files\Unity\Hub\Editor\2021.2.0b9\Editor\Unity.exe
-adb2
-batchMode
-noUpm
-name
AssetImportWorker0
-projectPath
C:/Users/USUARIO/Desktop/gitHub/topDown_gameJam/topDown_gameJan
-logFile
Logs/AssetImportWorker0.log
-srvPort
60176
Successfully changed project path to: C:/Users/USUARIO/Desktop/gitHub/topDown_gameJam/topDown_gameJan
C:/Users/USUARIO/Desktop/gitHub/topDown_gameJam/topDown_gameJan
[UnityMemory] Configuration Parameters - Can be set up in boot.config
    "memorysetup-bucket-allocator-granularity=16"
    "memorysetup-bucket-allocator-bucket-count=8"
    "memorysetup-bucket-allocator-block-size=33554432"
    "memorysetup-bucket-allocator-block-count=8"
    "memorysetup-main-allocator-block-size=16777216"
    "memorysetup-thread-allocator-block-size=16777216"
    "memorysetup-gfx-main-allocator-block-size=16777216"
    "memorysetup-gfx-thread-allocator-block-size=16777216"
    "memorysetup-cache-allocator-block-size=4194304"
    "memorysetup-typetree-allocator-block-size=2097152"
    "memorysetup-profiler-bucket-allocator-granularity=16"
    "memorysetup-profiler-bucket-allocator-bucket-count=8"
    "memorysetup-profiler-bucket-allocator-block-size=33554432"
    "memorysetup-profiler-bucket-allocator-block-count=8"
    "memorysetup-profiler-allocator-block-size=16777216"
    "memorysetup-profiler-editor-allocator-block-size=1048576"
    "memorysetup-temp-allocator-size-main=16777216"
    "memorysetup-job-temp-allocator-block-size=2097152"
    "memorysetup-job-temp-allocator-block-size-background=1048576"
    "memorysetup-job-temp-allocator-reduction-small-platforms=262144"
    "memorysetup-temp-allocator-size-background-worker=32768"
    "memorysetup-temp-allocator-size-job-worker=262144"
    "memorysetup-temp-allocator-size-preload-manager=33554432"
    "memorysetup-temp-allocator-size-nav-mesh-worker=65536"
    "memorysetup-temp-allocator-size-audio-worker=65536"
    "memorysetup-temp-allocator-size-cloud-worker=32768"
    "memorysetup-temp-allocator-size-gi-baking-worker=262144"
    "memorysetup-temp-allocator-size-gfx=262144"
Refreshing native plugins compatible for Editor in 147.21 ms, found 2 plugins.
Preloading 0 native plugins for Editor in 0.00 ms.
Initialize engine version: 2021.2.0b9 (162b5e238388)
[Subsystems] Discovering subsystems at path C:/Program Files/Unity/Hub/Editor/2021.2.0b9/Editor/Data/Resources/UnitySubsystems
[Subsystems] Discovering subsystems at path C:/Users/USUARIO/Desktop/gitHub/topDown_gameJam/topDown_gameJan/Assets
GfxDevice: creating device client; threaded=0; jobified=0
Direct3D:
    Version:  Direct3D 11.0 [level 11.1]
    Renderer: NVIDIA GeForce GTX 1650 (ID=0x1f91)
    Vendor:   NVIDIA
    VRAM:     3964 MB
    Driver:   27.21.14.5167
Initialize mono
Mono path[0] = 'C:/Program Files/Unity/Hub/Editor/2021.2.0b9/Editor/Data/Managed'
Mono path[1] = 'C:/Program Files/Unity/Hub/Editor/2021.2.0b9/Editor/Data/MonoBleedingEdge/lib/mono/unityjit-win32'
Mono config path = 'C:/Program Files/Unity/Hub/Editor/2021.2.0b9/Editor/Data/MonoBleedingEdge/etc'
Using monoOptions --debugger-agent=transport=dt_socket,embedding=1,server=y,suspend=n,address=127.0.0.1:56560
Begin MonoManager ReloadAssembly
Registering precompiled unity dll's ...
Register platform support module: C:/Program Files/Unity/Hub/Editor/2021.2.0b9/Editor/Data/PlaybackEngines/WindowsStandaloneSupport/UnityEditor.WindowsStandalone.Extensions.dll
Registered in 0.018765 seconds.
Native extension for WindowsStandalone target not found
Refreshing native plugins compatible for Editor in 56.40 ms, found 2 plugins.
Preloading 0 native plugins for Editor in 0.00 ms.
Mono: successfully reloaded assembly
- Completed reload, in  9.911 seconds
Domain Reload Profiling:
	ReloadAssembly (9953ms)
		BeginReloadAssembly (293ms)
			ExecutionOrderSort (0ms)
			DisableScriptedObjects (0ms)
			BackupInstance (0ms)
			ReleaseScriptingObjects (0ms)
			CreateAndSetChildDomain (7ms)
		EndReloadAssembly (969ms)
			LoadAssemblies (282ms)
			RebuildTransferFunctionScriptingTraits (2ms)
			SetupTypeCache (425ms)
			ReleaseScriptCaches (0ms)
			RebuildScriptCaches (32ms)
			SetupLoadedEditorAssemblies (362ms)
				LogAssemblyErrors (0ms)
				InitializePlatformSupportModulesInManaged (15ms)
				SetLoadedEditorAssemblies (0ms)
				RefreshPlugins (57ms)
				BeforeProcessingInitializeOnLoad (4ms)
				ProcessInitializeOnLoadAttributes (205ms)
				ProcessInitializeOnLoadMethodAttributes (81ms)
				AfterProcessingInitializeOnLoad (0ms)
				EditorAssembliesLoaded (0ms)
			ExecutionOrderSort2 (0ms)
			AwakeInstancesAfterBackupRestoration (0ms)
Platform modules already initialized, skipping
Registering precompiled user dll's ...
Registered in 0.012500 seconds.
Begin MonoManager ReloadAssembly
Native extension for WindowsStandalone target not found
Refreshing native plugins compatible for Editor in 1.56 ms, found 2 plugins.
Preloading 0 native plugins for Editor in 0.00 ms.
Mono: successfully reloaded assembly
- Completed reload, in  3.341 seconds
Domain Reload Profiling:
	ReloadAssembly (3411ms)
		BeginReloadAssembly (573ms)
			ExecutionOrderSort (0ms)
			DisableScriptedObjects (13ms)
			BackupInstance (0ms)
			ReleaseScriptingObjects (0ms)
			CreateAndSetChildDomain (55ms)
		EndReloadAssembly (2406ms)
			LoadAssemblies (290ms)
			RebuildTransferFunctionScriptingTraits (0ms)
			SetupTypeCache (555ms)
			ReleaseScriptCaches (1ms)
			RebuildScriptCaches (131ms)
			SetupLoadedEditorAssemblies (1198ms)
				LogAssemblyErrors (0ms)
				InitializePlatformSupportModulesInManaged (32ms)
				SetLoadedEditorAssemblies (2ms)
				RefreshPlugins (2ms)
				BeforeProcessingInitializeOnLoad (117ms)
				ProcessInitializeOnLoadAttributes (843ms)
				ProcessInitializeOnLoadMethodAttributes (116ms)
				AfterProcessingInitializeOnLoad (83ms)
				EditorAssembliesLoaded (5ms)
			ExecutionOrderSort2 (0ms)
			AwakeInstancesAfterBackupRestoration (38ms)
Platform modules already initialized, skipping
========================================================================
Worker process is ready to serve import requests
Launched and connected shader compiler UnityShaderCompiler.exe after 0.20 seconds
Shader compiler process initialization failed: Failed to load DLL: could not allocate memory for executable
Launched and connected shader compiler UnityShaderCompiler.exe after 0.18 seconds
Shader compiler process initialization failed: Failed to read D3DCompiler DLL file
Launched and connected shader compiler UnityShaderCompiler.exe after 0.11 seconds
Shader compiler process initialization failed: Failed to read D3DCompiler DLL file
Launched and connected shader compiler UnityShaderCompiler.exe after 0.11 seconds
Shader compiler process initialization failed: Failed to read D3DCompiler DLL file
Launched and connected shader compiler UnityShaderCompiler.exe after 0.11 seconds
Shader compiler process initialization failed: Failed to read D3DCompiler DLL file
Launched and connected shader compiler UnityShaderCompiler.exe after 0.10 seconds
Shader compiler process initialization failed: Failed to read D3DCompiler DLL file
Launched and connected shader compiler UnityShaderCompiler.exe after 0.10 seconds
Shader compiler process initialization failed: Failed to read D3DCompiler DLL file
Launched and connected shader compiler UnityShaderCompiler.exe after 0.11 seconds
Shader compiler process initialization failed: Failed to load DLL: could not allocate memory for executable
Launched and connected shader compiler UnityShaderCompiler.exe after 0.11 seconds
Shader compiler process initialization failed: Failed to load DLL: could not allocate memory for executable
Launched and connected shader compiler UnityShaderCompiler.exe after 0.11 seconds
Shader compiler process initialization failed: Failed to load DLL: could not allocate memory for executable
Shader compiler: failed to launch and initialize compiler executable, even after 10 retries
Shader compiler initialization error: Failed to load DLL: could not allocate memory for executable
Fatal Error! Shader compiler initialization error: Failed to load DLL: could not allocate memory for executable
Crash!!!
SymInit: Symbol-SearchPath: 'C:/Program Files/Unity/Hub/Editor/2021.2.0b9/Editor/Data/Mono;.;C:\Users\USUARIO\Desktop\gitHub\topDown_gameJam\topDown_gameJan;C:\Users\USUARIO\Desktop\gitHub\topDown_gameJam\topDown_gameJan\Library\BurstCache\JIT;C:\Program Files\Unity\Hub\Editor\2021.2.0b9\Editor;C:\Windows;C:\Windows\system32;SRV*C:\websymbols*http://msdl.microsoft.com/download/symbols;', symOptions: 534, UserName: 'USUARIO'
OS-Version: 10.0.0
C:\Program Files\Unity\Hub\Editor\2021.2.0b9\Editor\Unity.exe:Unity.exe (00007FF6822B0000), size: 72335360 (result: 0), SymType: '-deferred-', PDB: '', fileVersion: 2021.2.0.11102
C:\Windows\SYSTEM32\ntdll.dll:ntdll.dll (00007FFDE3B10000), size: 2052096 (result: 0), SymType: '-deferred-', PDB: '', fileVersion: 10.0.19041.1202
C:\Program Files\Avast Software\Avast\aswhook.dll:aswhook.dll (00007FFDCDCD0000), size: 86016 (result: 0), SymType: '-deferred-', PDB: '', fileVersion: 21.8.6586.0
C:\Windows\System32\KERNEL32.DLL:KERNEL32.DLL (00007FFDE1D10000), size: 778240 (result: 0), SymType: '-deferred-', PDB: '', fileVersion: 10.0.19041.1202
C:\Windows\System32\KERNELBASE.dll:KERNELBASE.dll (00007FFDE1330000), size: 2920448 (result: 0), SymType: '-deferred-', PDB: '', fileVersion: 10.0.19041.1202
C:\Windows\System32\CRYPT32.dll:CRYPT32.dll (00007FFDE16A0000), size: 1400832 (result: 0), SymType: '-deferred-', PDB: '', fileVersion: 10.0.19041.1202
C:\Windows\System32\ucrtbase.dll:ucrtbase.dll (00007FFDE1230000), size: 1048576 (result: 0), SymType: '-deferred-', PDB: '', fileVersion: 10.0.19041.789
C:\Windows\System32\USER32.dll:USER32.dll (00007FFDE23C0000), size: 1708032 (result: 0), SymType: '-deferred-', PDB: '', fileVersion: 10.0.19041.1202
C:\Windows\System32\win32u.dll:win32u.dll (00007FFDE1800000), size: 139264 (result: 0), SymType: '-deferred-', PDB: '', fileVersion: 10.0.19041.1237
C:\Program Files\Unity\Hub\Editor\2021.2.0b9\Editor\optix.6.0.0.dll:optix.6.0.0.dll (00007FFDC9910000), size: 208896 (result: 0), SymType: '-deferred-', PDB: '', fileVersion: 6.0.0.0
C:\Windows\System32\GDI32.dll:GDI32.dll (00007FFDE21E0000), size: 176128 (result: 0), SymType: '-deferred-', PDB: '', fileVersion: 10.0.19041.1202
C:\Program Files\Unity\Hub\Editor\2021.2.0b9\Editor\s3tcompress.dll:s3tcompress.dll (00007FFDD0A60000), size: 180224 (result: 0), SymType: '-deferred-', PDB: ''
C:\Program Files\Unity\Hub\Editor\2021.2.0b9\Editor\libfbxsdk.dll:libfbxsdk.dll (00007FFD53810000), size: 10215424 (result: 0), SymType: '-deferred-', PDB: '', fileVersion: 2020.2.0.0
C:\Windows\System32\gdi32full.dll:gdi32full.dll (00007FFDE1A50000), size: 1093632 (result: 0), SymType: '-deferred-', PDB: '', fileVersion: 10.0.19041.1110
C:\Windows\System32\msvcp_win.dll:msvcp_win.dll (00007FFDE1600000), size: 643072 (result: 0), SymType: '-deferred-', PDB: '', fileVersion: 10.0.19041.789
C:\Windows\System32\ADVAPI32.dll:ADVAPI32.dll (00007FFDE2570000), size: 704512 (result: 0), SymType: '-deferred-', PDB: '', fileVersion: 10.0.19041.1052
C:\Windows\System32\msvcrt.dll:msvcrt.dll (00007FFDE30D0000), size: 647168 (result: 0), SymType: '-deferred-', PDB: '', fileVersion: 7.0.19041.546
C:\Windows\System32\sechost.dll:sechost.dll (00007FFDE3030000), size: 634880 (result: 0), SymType: '-deferred-', PDB: '', fileVersion: 10.0.19041.906
C:\Windows\System32\RPCRT4.dll:RPCRT4.dll (00007FFDE2290000), size: 1220608 (result: 0), SymType: '-deferred-', PDB: '', fileVersion: 10.0.19041.1081
C:\Windows\System32\SHELL32.dll:SHELL32.dll (00007FFDE31D0000), size: 7598080 (result: 0), SymType: '-deferred-', PDB: '', fileVersion: 10.0.19041.1202
C:\Program Files\Unity\Hub\Editor\2021.2.0b9\Editor\etccompress.dll:etccompress.dll (00007FFD92A10000), size: 5066752 (result: 0), SymType: '-deferred-', PDB: ''
C:\Windows\System32\SHLWAPI.dll:SHLWAPI.dll (00007FFDE2C40000), size: 348160 (result: 0), SymType: '-deferred-', PDB: '', fileVersion: 10.0.19041.1023
C:\Windows\System32\ole32.dll:ole32.dll (00007FFDE2CA0000), size: 1220608 (result: 0), SymType: '-deferred-', PDB: '', fileVersion: 10.0.19041.1202
C:\Windows\System32\combase.dll:combase.dll (00007FFDE1E80000), size: 3493888 (result: 0), SymType: '-deferred-', PDB: '', fileVersion: 10.0.19041.1202
C:\Program Files\Unity\Hub\Editor\2021.2.0b9\Editor\ispc_texcomp.dll:ispc_texcomp.dll (00007FFDAE120000), size: 1740800 (result: 0), SymType: '-deferred-', PDB: ''
C:\Windows\System32\IMM32.dll:IMM32.dll (00007FFDE1C00000), size: 196608 (result: 0), SymType: '-deferred-', PDB: '', fileVersion: 10.0.19041.546
C:\Windows\System32\SETUPAPI.dll:SETUPAPI.dll (00007FFDE27B0000), size: 4661248 (result: 0), SymType: '-deferred-', PDB: '', fileVersion: 10.0.19041.1237
C:\Program Files\Unity\Hub\Editor\2021.2.0b9\Editor\compress_bc7e.dll:compress_bc7e.dll (00007FFDACF80000), size: 1441792 (result: 0), SymType: '-deferred-', PDB: ''
C:\Windows\System32\cfgmgr32.dll:cfgmgr32.dll (00007FFDE18E0000), size: 319488 (result: 0), SymType: '-deferred-', PDB: '', fileVersion: 10.0.19041.1151
C:\Windows\System32\bcrypt.dll:bcrypt.dll (00007FFDE1930000), size: 159744 (result: 0), SymType: '-deferred-', PDB: '', fileVersion: 10.0.19041.1023
C:\Windows\System32\WS2_32.dll:WS2_32.dll (00007FFDE3910000), size: 438272 (result: 0), SymType: '-deferred-', PDB: '', fileVersion: 10.0.19041.546
C:\Windows\System32\OLEAUT32.dll:OLEAUT32.dll (00007FFDE3980000), size: 839680 (result: 0), SymType: '-deferred-', PDB: '', fileVersion: 10.0.19041.985
C:\Windows\System32\WINTRUST.dll:WINTRUST.dll (00007FFDE19F0000), size: 393216 (result: 0), SymType: '-deferred-', PDB: '', fileVersion: 10.0.19041.1237
C:\Program Files\Unity\Hub\Editor\2021.2.0b9\Editor\WinPixEventRuntime.dll:WinPixEventRuntime.dll (00007FFDDB390000), size: 45056 (result: 0), SymType: '-deferred-', PDB: '', fileVersion: 1.0.1812.6001
C:\Program Files\Unity\Hub\Editor\2021.2.0b9\Editor\FreeImage.dll:FreeImage.dll (0000000180000000), size: 6414336 (result: 0), SymType: '-deferred-', PDB: '', fileVersion: 3.18.0.0
C:\Program Files\Unity\Hub\Editor\2021.2.0b9\Editor\OpenImageDenoise.dll:OpenImageDenoise.dll (00007FFD272B0000), size: 35123200 (result: 0), SymType: '-deferred-', PDB: '', fileVersion: 1.3.0.0
C:\Program Files\Unity\Hub\Editor\2021.2.0b9\Editor\umbraoptimizer64.dll:umbraoptimizer64.dll (00007FFDB34A0000), size: 1187840 (result: 0), SymType: '-deferred-', PDB: ''
C:\Windows\SYSTEM32\OPENGL32.dll:OPENGL32.dll (00007FFD9A890000), size: 1200128 (result: 0), SymType: '-deferred-', PDB: '', fileVersion: 10.0.19041.1081
C:\Windows\SYSTEM32\GLU32.dll:GLU32.dll (00007FFDD3E50000), size: 180224 (result: 0), SymType: '-deferred-', PDB: '', fileVersion: 10.0.19041.1081
C:\Windows\SYSTEM32\IPHLPAPI.DLL:IPHLPAPI.DLL (00007FFDE0660000), size: 241664 (result: 0), SymType: '-deferred-', PDB: '', fileVersion: 10.0.19041.546
C:\Windows\SYSTEM32\WINHTTP.dll:WINHTTP.dll (00007FFDD41E0000), size: 1081344 (result: 0), SymType: '-deferred-', PDB: '', fileVersion: 10.0.19041.1151
C:\Windows\SYSTEM32\WINMM.dll:WINMM.dll (00007FFDD8020000), size: 159744 (result: 0), SymType: '-deferred-', PDB: '', fileVersion: 10.0.19041.546
C:\Windows\SYSTEM32\HID.DLL:HID.DLL (00007FFDDFAC0000), size: 53248 (result: 0), SymType: '-deferred-', PDB: '', fileVersion: 10.0.19041.546
C:\Windows\SYSTEM32\dwmapi.dll:dwmapi.dll (00007FFDDEE40000), size: 192512 (result: 0), SymType: '-deferred-', PDB: '', fileVersion: 10.0.19041.746
C:\Program Files\Unity\Hub\Editor\2021.2.0b9\Editor\RadeonImageFilters.dll:RadeonImageFilters.dll (00007FFDAACE0000), size: 2961408 (result: 0), SymType: '-deferred-', PDB: '', fileVersion: 1.7.0.0
C:\Program Files\Unity\Hub\Editor\2021.2.0b9\Editor\SketchUpAPI.dll:SketchUpAPI.dll (00007FFD3CA20000), size: 9306112 (result: 0), SymType: '-deferred-', PDB: '', fileVersion: 20.2.172.0
C:\Windows\SYSTEM32\VERSION.dll:VERSION.dll (00007FFDD8AA0000), size: 40960 (result: 0), SymType: '-deferred-', PDB: '', fileVersion: 10.0.19041.546
C:\Windows\SYSTEM32\WSOCK32.dll:WSOCK32.dll (00007FFDCD140000), size: 36864 (result: 0), SymType: '-deferred-', PDB: '', fileVersion: 10.0.19041.1
C:\Windows\SYSTEM32\MSVCP140.dll:MSVCP140.dll (00007FFDA0410000), size: 577536 (result: 0), SymType: '-deferred-', PDB: '', fileVersion: 14.29.30133.0
C:\Windows\SYSTEM32\VCRUNTIME140.dll:VCRUNTIME140.dll (00007FFDC0C20000), size: 110592 (result: 0), SymType: '-deferred-', PDB: '', fileVersion: 14.29.30133.0
C:\Program Files\Unity\Hub\Editor\2021.2.0b9\Editor\tbb12.dll:tbb12.dll (00007FFDC7D50000), size: 389120 (result: 0), SymType: '-deferred-', PDB: ''
C:\Windows\SYSTEM32\VCRUNTIME140_1.dll:VCRUNTIME140_1.dll (00007FFDD9900000), size: 49152 (result: 0), SymType: '-deferred-', PDB: '', fileVersion: 14.29.30133.0
C:\Program Files\Unity\Hub\Editor\2021.2.0b9\Editor\RadeonML.dll:RadeonML.dll (00007FFDD4E10000), size: 94208 (result: 0), SymType: '-deferred-', PDB: '', fileVersion: 0.9.11.0
C:\Program Files\Unity\Hub\Editor\2021.2.0b9\Editor\SketchUpCommonPreferences.dll:SketchUpCommonPreferences.dll (00007FFDB3770000), size: 479232 (result: 0), SymType: '-deferred-', PDB: '', fileVersion: 20.2.172.37
C:\Windows\SYSTEM32\Secur32.dll:Secur32.dll (00007FFDCC820000), size: 49152 (result: 0), SymType: '-deferred-', PDB: '', fileVersion: 10.0.19041.546
C:\Windows\SYSTEM32\SSPICLI.DLL:SSPICLI.DLL (00007FFDE10F0000), size: 200704 (result: 0), SymType: '-deferred-', PDB: '', fileVersion: 10.0.19041.906
C:\Program Files\Unity\Hub\Editor\2021.2.0b9\Editor\OpenRL.dll:OpenRL.dll (0000017A5A290000), size: 12779520 (result: 0), SymType: '-deferred-', PDB: '', fileVersion: 1.5.0.2907
C:\Windows\SYSTEM32\MSVCP100.dll:MSVCP100.dll (00000000500F0000), size: 622592 (result: 0), SymType: '-deferred-', PDB: '', fileVersion: 10.0.40219.325
C:\Windows\SYSTEM32\MSVCR100.dll:MSVCR100.dll (0000000050190000), size: 860160 (result: 0), SymType: '-deferred-', PDB: '', fileVersion: 10.0.40219.325
C:\Program Files\Unity\Hub\Editor\2021.2.0b9\Editor\embree.dll:embree.dll (00007FFD321E0000), size: 16711680 (result: 0), SymType: '-deferred-', PDB: '', fileVersion: 2.14.0.0
C:\Program Files\Unity\Hub\Editor\2021.2.0b9\Editor\tbb.dll:tbb.dll (00007FFDB3670000), size: 413696 (result: 0), SymType: '-deferred-', PDB: '', fileVersion: 2017.0.2016.1004
C:\Windows\SYSTEM32\MSVCR120.dll:MSVCR120.dll (00007FFDAC4E0000), size: 978944 (result: 0), SymType: '-deferred-', PDB: '', fileVersion: 12.0.40664.0
C:\Windows\SYSTEM32\MSVCP120.dll:MSVCP120.dll (00007FFDAFEC0000), size: 679936 (result: 0), SymType: '-deferred-', PDB: '', fileVersion: 12.0.40664.0
C:\Windows\SYSTEM32\MSWSOCK.DLL:MSWSOCK.DLL (00007FFDE0960000), size: 434176 (result: 0), SymType: '-deferred-', PDB: '', fileVersion: 10.0.19041.546
C:\Program Files\Unity\Hub\Editor\2021.2.0b9\Editor\OpenRL_pthread.dll:OpenRL_pthread.dll (0000017A5AEE0000), size: 61440 (result: 0), SymType: '-deferred-', PDB: '', fileVersion: 2.9.0.0
C:\Program Files\Unity\Hub\Editor\2021.2.0b9\Editor\tbbmalloc.dll:tbbmalloc.dll (00007FFDAF300000), size: 372736 (result: 0), SymType: '-deferred-', PDB: '', fileVersion: 2017.0.2016.1004
C:\Windows\SYSTEM32\MSASN1.dll:MSASN1.dll (00007FFDE0E10000), size: 73728 (result: 0), SymType: '-deferred-', PDB: '', fileVersion: 10.0.19041.546
C:\Windows\SYSTEM32\kernel.appcore.dll:kernel.appcore.dll (00007FFDDF130000), size: 73728 (result: 0), SymType: '-deferred-', PDB: '', fileVersion: 10.0.19041.546
C:\Windows\System32\bcryptPrimitives.dll:bcryptPrimitives.dll (00007FFDE1960000), size: 536576 (result: 0), SymType: '-deferred-', PDB: '', fileVersion: 10.0.19041.1202
C:\Windows\system32\uxtheme.dll:uxtheme.dll (00007FFDDEC50000), size: 647168 (result: 0), SymType: '-deferred-', PDB: '', fileVersion: 10.0.19041.1081
C:\Windows\System32\shcore.dll:shcore.dll (00007FFDE2F80000), size: 712704 (result: 0), SymType: '-deferred-', PDB: '', fileVersion: 10.0.19041.1023
C:\Windows\SYSTEM32\windows.storage.dll:windows.storage.dll (00007FFDDF330000), size: 7929856 (result: 0), SymType: '-deferred-', PDB: '', fileVersion: 10.0.19041.1202
C:\Windows\SYSTEM32\Wldp.dll:Wldp.dll (00007FFDE0C80000), size: 180224 (result: 0), SymType: '-deferred-', PDB: '', fileVersion: 10.0.19041.662
C:\Windows\SYSTEM32\profapi.dll:profapi.dll (00007FFDE1170000), size: 126976 (result: 0), SymType: '-deferred-', PDB: '', fileVersion: 10.0.19041.844
C:\Windows\System32\clbcatq.dll:clbcatq.dll (00007FFDE1DD0000), size: 692224 (result: 0), SymType: '-deferred-', PDB: '', fileVersion: 2001.12.10941.16384
C:\Windows\System32\netprofm.dll:netprofm.dll (00007FFDDC040000), size: 253952 (result: 0), SymType: '-deferred-', PDB: '', fileVersion: 10.0.19041.906
C:\Windows\System32\npmproxy.dll:npmproxy.dll (00007FFDD5AA0000), size: 65536 (result: 0), SymType: '-deferred-', PDB: '', fileVersion: 10.0.19041.906
C:\Windows\System32\NSI.dll:NSI.dll (00007FFDE1BF0000), size: 32768 (result: 0), SymType: '-deferred-', PDB: '', fileVersion: 10.0.19041.610
C:\Windows\SYSTEM32\dhcpcsvc6.DLL:dhcpcsvc6.DLL (00007FFDD8380000), size: 94208 (result: 0), SymType: '-deferred-', PDB: '', fileVersion: 10.0.19041.546
C:\Windows\SYSTEM32\dhcpcsvc.DLL:dhcpcsvc.DLL (00007FFDD8B60000), size: 118784 (result: 0), SymType: '-deferred-', PDB: '', fileVersion: 10.0.19041.546
C:\Windows\SYSTEM32\DNSAPI.dll:DNSAPI.dll (00007FFDE06A0000), size: 835584 (result: 0), SymType: '-deferred-', PDB: '', fileVersion: 10.0.19041.1151
C:\Program Files\Bonjour\mdnsNSP.dll:mdnsNSP.dll (0000000050F90000), size: 155648 (result: 0), SymType: '-deferred-', PDB: '', fileVersion: 3.0.0.10
C:\Windows\System32\fwpuclnt.dll:fwpuclnt.dll (00007FFDD3110000), size: 520192 (result: 0), SymType: '-deferred-', PDB: '', fileVersion: 10.0.19041.1081
C:\Windows\System32\rasadhlp.dll:rasadhlp.dll (00007FFDD5AF0000), size: 40960 (result: 0), SymType: '-deferred-', PDB: '', fileVersion: 10.0.19041.546
C:\Program Files\Unity\Hub\Editor\2021.2.0b9\Editor\NVUnityPlugin.DLL:NVUnityPlugin.DLL (00007FFDA2AD0000), size: 1576960 (result: 0), SymType: '-deferred-', PDB: ''
C:\Windows\SYSTEM32\vulkan-1.dll:vulkan-1.dll (00007FFD9D760000), size: 1093632 (result: 0), SymType: '-deferred-', PDB: '', fileVersion: 1.2.131.2
C:\Program Files\Unity\Hub\Editor\2021.2.0b9\Editor\Data\Tools\astcenc-avx2.dll:astcenc-avx2.dll (00007FFDA2690000), size: 561152 (result: 0), SymType: '-deferred-', PDB: ''
C:\Windows\SYSTEM32\d3d11.dll:d3d11.dll (00007FFDDD680000), size: 2506752 (result: 0), SymType: '-deferred-', PDB: '', fileVersion: 10.0.19041.1202
C:\Windows\SYSTEM32\dxgi.dll:dxgi.dll (00007FFDDFB20000), size: 999424 (result: 0), SymType: '-deferred-', PDB: '', fileVersion: 10.0.19041.964
C:\Windows\System32\DriverStore\FileRepository\nvacegpu.inf_amd64_efe127e721dd1bb8\nvldumdx.dll:nvldumdx.dll (00007FFD62B00000), size: 1056768 (result: 0), SymType: '-deferred-', PDB: '', fileVersion: 27.21.14.5167
C:\Windows\SYSTEM32\cryptnet.dll:cryptnet.dll (00007FFDD5AB0000), size: 200704 (result: 0), SymType: '-deferred-', PDB: '', fileVersion: 10.0.19041.906
C:\Windows\SYSTEM32\cryptbase.dll:cryptbase.dll (00007FFDE0BA0000), size: 49152 (result: 0), SymType: '-deferred-', PDB: '', fileVersion: 10.0.19041.546
C:\Windows\System32\imagehlp.dll:imagehlp.dll (00007FFDE3A50000), size: 118784 (result: 0), SymType: '-deferred-', PDB: '', fileVersion: 10.0.19041.546
C:\Windows\SYSTEM32\CRYPTSP.dll:CRYPTSP.dll (00007FFDE0B80000), size: 98304 (result: 0), SymType: '-deferred-', PDB: '', fileVersion: 10.0.19041.546
C:\Windows\system32\rsaenh.dll:rsaenh.dll (00007FFDE0290000), size: 212992 (result: 0), SymType: '-deferred-', PDB: '', fileVersion: 10.0.19041.1052
C:\Windows\System32\DriverStore\FileRepository\nvacegpu.inf_amd64_efe127e721dd1bb8\nvwgf2umx.dll:nvwgf2umx.dll (00007FFD39AA0000), size: 43888640 (result: 0), SymType: '-deferred-', PDB: '', fileVersion: 27.21.14.5167
C:\Windows\SYSTEM32\dxcore.dll:dxcore.dll (00007FFDD8140000), size: 241664 (result: 0), SymType: '-deferred-', PDB: '', fileVersion: 10.0.19041.546
C:\Windows\system32\wbem\wbemprox.dll:wbemprox.dll (00007FFDD12A0000), size: 69632 (result: 0), SymType: '-deferred-', PDB: '', fileVersion: 10.0.19041.1081
C:\Windows\SYSTEM32\wbemcomn.dll:wbemcomn.dll (00007FFDD1200000), size: 598016 (result: 0), SymType: '-deferred-', PDB: '', fileVersion: 10.0.19041.1081
C:\Windows\system32\wbem\wbemsvc.dll:wbemsvc.dll (00007FFDCFAA0000), size: 81920 (result: 0), SymType: '-deferred-', PDB: '', fileVersion: 10.0.19041.1081
C:\Windows\system32\wbem\fastprox.dll:fastprox.dll (00007FFDCFB70000), size: 1093632 (result: 0), SymType: '-deferred-', PDB: '', fileVersion: 10.0.19041.546
C:\Windows\SYSTEM32\amsi.dll:amsi.dll (00007FFDCF6B0000), size: 102400 (result: 0), SymType: '-deferred-', PDB: '', fileVersion: 10.0.19041.746
C:\Windows\SYSTEM32\USERENV.dll:USERENV.dll (00007FFDE1130000), size: 188416 (result: 0), SymType: '-deferred-', PDB: '', fileVersion: 10.0.19041.572
C:\Program Files\Avast Software\Avast\aswAMSI.dll:aswAMSI.dll (00007FFDCF500000), size: 1761280 (result: 0), SymType: '-deferred-', PDB: '', fileVersion: 21.8.6586.0
C:\Windows\SYSTEM32\POWRPROF.dll:POWRPROF.dll (00007FFDE0BE0000), size: 307200 (result: 0), SymType: '-deferred-', PDB: '', fileVersion: 10.0.19041.546
C:\Windows\SYSTEM32\UMPDC.dll:UMPDC.dll (00007FFDE0B60000), size: 73728 (result: 0), SymType: '-deferred-', PDB: ''
C:\Program Files\Unity\Hub\Editor\2021.2.0b9\Editor\cudart64_90.dll:cudart64_90.dll (00007FFDA0890000), size: 397312 (result: 0), SymType: '-deferred-', PDB: '', fileVersion: 6.14.11.9000
C:\Windows\SYSTEM32\opencl.dll:opencl.dll (00007FFDB94F0000), size: 131072 (result: 0), SymType: '-deferred-', PDB: '', fileVersion: 2.2.1.0
C:\Program Files\Unity\Hub\Editor\2021.2.0b9\Editor\radeonrays.dll:radeonrays.dll (00007FFD9E2E0000), size: 557056 (result: 0), SymType: '-deferred-', PDB: ''
C:\Program Files\Unity\Hub\Editor\2021.2.0b9\Editor\Data\MonoBleedingEdge\EmbedRuntime\mono-2.0-bdwgc.dll:mono-2.0-bdwgc.dll (00007FFD20480000), size: 9654272 (result: 0), SymType: '-deferred-', PDB: ''
C:\Windows\SYSTEM32\dbghelp.dll:dbghelp.dll (00007FFDD4420000), size: 1982464 (result: 0), SymType: '-deferred-', PDB: '', fileVersion: 10.0.19041.867

========== OUTPUTTING STACK TRACE ==================

0x00007FFDE1364F99 (KERNELBASE) RaiseException
SymInit: Symbol-SearchPath: 'C:/Program Files/Unity/Hub/Editor/2021.2.0b9/Editor/Data/Mono;.;C:\Users\USUARIO\Desktop\gitHub\topDown_gameJam\topDown_gameJan;C:\Users\USUARIO\Desktop\gitHub\topDown_gameJam\topDown_gameJan\Library\BurstCache\JIT;C:\Program Files\Unity\Hub\Editor\2021.2.0b9\Editor;C:\Windows;C:\Windows\system32;SRV*C:\websymbols*http://msdl.microsoft.com/download/symbols;', symOptions: 534, UserName: 'USUARIO'
OS-Version: 10.0.0
C:\Program Files\Unity\Hub\Editor\2021.2.0b9\Editor\Unity.exe:Unity.exe (00007FF6822B0000), size: 72335360 (result: -529697949), SymType: '-deferred-', PDB: '', fileVersion: 2021.2.0.11102
C:\Windows\SYSTEM32\ntdll.dll:ntdll.dll (00007FFDE3B10000), size: 2052096 (result: 0), SymType: '-exported-', PDB: 'C:\Windows\SYSTEM32\ntdll.dll', fileVersion: 10.0.19041.1202
C:\Program Files\Avast Software\Avast\aswhook.dll:aswhook.dll (00007FFDCDCD0000), size: 86016 (result: 0), SymType: '-nosymbols-', PDB: 'C:\Program Files\Avast Software\Avast\aswhook.dll', fileVersion: 21.8.6586.0
C:\Windows\System32\KERNEL32.DLL:KERNEL32.DLL (00007FFDE1D10000), size: 778240 (result: 0), SymType: '-nosymbols-', PDB: 'C:\Windows\System32\KERNEL32.DLL', fileVersion: 10.0.19041.1202
C:\Windows\System32\KERNELBASE.dll:KERNELBASE.dll (00007FFDE1330000), size: 2920448 (result: 0), SymType: '-exported-', PDB: 'C:\Windows\System32\KERNELBASE.dll', fileVersion: 10.0.19041.1202
C:\Windows\System32\CRYPT32.dll:CRYPT32.dll (00007FFDE16A0000), size: 1400832 (result: 0), SymType: '-nosymbols-', PDB: 'C:\Windows\System32\CRYPT32.dll', fileVersion: 10.0.19041.1202
C:\Windows\System32\ucrtbase.dll:ucrtbase.dll (00007FFDE1230000), size: 1048576 (result: 0), SymType: '-nosymbols-', PDB: 'C:\Windows\System32\ucrtbase.dll', fileVersion: 10.0.19041.789
C:\Windows\System32\USER32.dll:USER32.dll (00007FFDE23C0000), size: 1708032 (result: 0), SymType: '-nosymbols-', PDB: 'C:\Windows\System32\USER32.dll', fileVersion: 10.0.19041.1202
C:\Windows\System32\win32u.dll:win32u.dll (00007FFDE1800000), size: 139264 (result: 0), SymType: '-exported-', PDB: 'C:\Windows\System32\win32u.dll', fileVersion: 10.0.19041.1237
C:\Program Files\Unity\Hub\Editor\2021.2.0b9\Editor\optix.6.0.0.dll:optix.6.0.0.dll (00007FFDC9910000), size: 208896 (result: 0), SymType: '-nosymbols-', PDB: 'C:\Program Files\Unity\Hub\Editor\2021.2.0b9\Editor\optix.6.0.0.dll', fileVersion: 6.0.0.0
C:\Windows\System32\GDI32.dll:GDI32.dll (00007FFDE21E0000), size: 176128 (result: 0), SymType: '-nosymbols-', PDB: 'C:\Windows\System32\GDI32.dll', fileVersion: 10.0.19041.1202
C:\Program Files\Unity\Hub\Editor\2021.2.0b9\Editor\s3tcompress.dll:s3tcompress.dll (00007FFDD0A60000), size: 180224 (result: 0), SymType: '-exported-', PDB: 'C:\Program Files\Unity\Hub\Editor\2021.2.0b9\Editor\s3tcompress.dll'
C:\Program Files\Unity\Hub\Editor\2021.2.0b9\Editor\libfbxsdk.dll:libfbxsdk.dll (00007FFD53810000), size: 10215424 (result: 0), SymType: '-nosymbols-', PDB: 'C:\Program Files\Unity\Hub\Editor\2021.2.0b9\Editor\libfbxsdk.dll', fileVersion: 2020.2.0.0
C:\Windows\System32\gdi32full.dll:gdi32full.dll (00007FFDE1A50000), size: 1093632 (result: 0), SymType: '-exported-', PDB: 'C:\Windows\System32\gdi32full.dll', fileVersion: 10.0.19041.1110
C:\Windows\System32\msvcp_win.dll:msvcp_win.dll (00007FFDE1600000), size: 643072 (result: 0), SymType: '-nosymbols-', PDB: 'C:\Windows\System32\msvcp_win.dll', fileVersion: 10.0.19041.789
C:\Windows\System32\ADVAPI32.dll:ADVAPI32.dll (00007FFDE2570000), size: 704512 (result: 0), SymType: '-nosymbols-', PDB: 'C:\Windows\System32\ADVAPI32.dll', fileVersion: 10.0.19041.1052
C:\Windows\System32\msvcrt.dll:msvcrt.dll (00007FFDE30D0000), size: 647168 (result: 0), SymType: '-nosymbols-', PDB: 'C:\Windows\System32\msvcrt.dll', fileVersion: 7.0.19041.546
C:\Windows\System32\sechost.dll:sechost.dll (00007FFDE3030000), size: 634880 (result: 0), SymType: '-nosymbols-', PDB: 'C:\Windows\System32\sechost.dll', fileVersion: 10.0.19041.906
C:\Windows\System32\RPCRT4.dll:RPCRT4.dll (00007FFDE2290000), size: 1220608 (result: 0), SymType: '-nosymbols-', PDB: 'C:\Windows\System32\RPCRT4.dll', fileVersion: 10.0.19041.1081
C:\Windows\System32\SHELL32.dll:SHELL32.dll (00007FFDE31D0000), size: 7598080 (result: 0), SymType: '-nosymbols-', PDB: 'C:\Windows\System32\SHELL32.dll', fileVersion: 10.0.19041.1202
C:\Program Files\Unity\Hub\Editor\2021.2.0b9\Editor\etccompress.dll:etccompress.dll (00007FFD92A10000), size: 5066752 (result: 0), SymType: '-nosymbols-', PDB: 'C:\Program Files\Unity\Hub\Editor\2021.2.0b9\Editor\etccompress.dll'
C:\Windows\System32\SHLWAPI.dll:SHLWAPI.dll (00007FFDE2C40000), size: 348160 (result: 0), SymType: '-nosymbols-', PDB: 'C:\Windows\System32\SHLWAPI.dll', fileVersion: 10.0.19041.1023
C:\Windows\System32\ole32.dll:ole32.dll (00007FFDE2CA0000), size: 1220608 (result: 0), SymType: '-nosymbols-', PDB: 'C:\Windows\System32\ole32.dll', fileVersion: 10.0.19041.1202
C:\Windows\System32\combase.dll:combase.dll (00007FFDE1E80000), size: 3493888 (result: 0), SymType: '-nosymbols-', PDB: 'C:\Windows\System32\combase.dll', fileVersion: 10.0.19041.1202
C:\Program Files\Unity\Hub\Editor\2021.2.0b9\Editor\ispc_texcomp.dll:ispc_texcomp.dll (00007FFDAE120000), size: 1740800 (result: 0), SymType: '-nosymbols-', PDB: 'C:\Program Files\Unity\Hub\Editor\2021.2.0b9\Editor\ispc_texcomp.dll'
C:\Windows\System32\IMM32.dll:IMM32.dll (00007FFDE1C00000), size: 196608 (result: 0), SymType: '-nosymbols-', PDB: 'C:\Windows\System32\IMM32.dll', fileVersion: 10.0.19041.546
C:\Windows\System32\SETUPAPI.dll:SETUPAPI.dll (00007FFDE27B0000), size: 4661248 (result: 0), SymType: '-nosymbols-', PDB: 'C:\Windows\System32\SETUPAPI.dll', fileVersion: 10.0.19041.1237
C:\Program Files\Unity\Hub\Editor\2021.2.0b9\Editor\compress_bc7e.dll:compress_bc7e.dll (00007FFDACF80000), size: 1441792 (result: 0), SymType: '-nosymbols-', PDB: 'C:\Program Files\Unity\Hub\Editor\2021.2.0b9\Editor\compress_bc7e.dll'
C:\Windows\System32\cfgmgr32.dll:cfgmgr32.dll (00007FFDE18E0000), size: 319488 (result: 0), SymType: '-nosymbols-', PDB: 'C:\Windows\System32\cfgmgr32.dll', fileVersion: 10.0.19041.1151
C:\Windows\System32\bcrypt.dll:bcrypt.dll (00007FFDE1930000), size: 159744 (result: 0), SymType: '-nosymbols-', PDB: 'C:\Windows\System32\bcrypt.dll', fileVersion: 10.0.19041.1023
C:\Windows\System32\WS2_32.dll:WS2_32.dll (00007FFDE3910000), size: 438272 (result: 0), SymType: '-nosymbols-', PDB: 'C:\Windows\System32\WS2_32.dll', fileVersion: 10.0.19041.546
C:\Windows\System32\OLEAUT32.dll:OLEAUT32.dll (00007FFDE3980000), size: 839680 (result: 0), SymType: '-nosymbols-', PDB: 'C:\Windows\System32\OLEAUT32.dll', fileVersion: 10.0.19041.985
C:\Windows\System32\WINTRUST.dll:WINTRUST.dll (00007FFDE19F0000), size: 393216 (result: 0), SymType: '-nosymbols-', PDB: 'C:\Windows\System32\WINTRUST.dll', fileVersion: 10.0.19041.1237
C:\Program Files\Unity\Hub\Editor\2021.2.0b9\Editor\WinPixEventRuntime.dll:WinPixEventRuntime.dll (00007FFDDB390000), size: 45056 (result: 0), SymType: '-nosymbols-', PDB: 'C:\Program Files\Unity\Hub\Editor\2021.2.0b9\Editor\WinPixEventRuntime.dll', fileVersion: 1.0.1812.6001
C:\Program Files\Unity\Hub\Editor\2021.2.0b9\Editor\FreeImage.dll:FreeImage.dll (0000000180000000), size: 6414336 (result: 0), SymType: '-nosymbols-', PDB: 'C:\Program Files\Unity\Hub\Editor\2021.2.0b9\Editor\FreeImage.dll', fileVersion: 3.18.0.0
C:\Program Files\Unity\Hub\Editor\2021.2.0b9\Editor\OpenImageDenoise.dll:OpenImageDenoise.dll (00007FFD272B0000), size: 35123200 (result: 0), SymType: '-nosymbols-', PDB: 'C:\Program Files\Unity\Hub\Editor\2021.2.0b9\Editor\OpenImageDenoise.dll', fileVersion: 1.3.0.0
C:\Program Files\Unity\Hub\Editor\2021.2.0b9\Editor\umbraoptimizer64.dll:umbraoptimizer64.dll (00007FFDB34A0000), size: 1187840 (result: 0), SymType: '-exported-', PDB: 'C:\Program Files\Unity\Hub\Editor\2021.2.0b9\Editor\umbraoptimizer64.dll'
C:\Windows\SYSTEM32\OPENGL32.dll:OPENGL32.dll (00007FFD9A890000), size: 1200128 (result: 0), SymType: '-nosymbols-', PDB: 'C:\Windows\SYSTEM32\OPENGL32.dll', fileVersion: 10.0.19041.1081
C:\Windows\SYSTEM32\GLU32.dll:GLU32.dll (00007FFDD3E50000), size: 180224 (result: 0), SymType: '-nosymbols-', PDB: 'C:\Windows\SYSTEM32\GLU32.dll', fileVersion: 10.0.19041.1081
C:\Windows\SYSTEM32\IPHLPAPI.DLL:IPHLPAPI.DLL (00007FFDE0660000), size: 241664 (result: 0), SymType: '-nosymbols-', PDB: 'C:\Windows\SYSTEM32\IPHLPAPI.DLL', fileVersion: 10.0.19041.546
C:\Windows\SYSTEM32\WINHTTP.dll:WINHTTP.dll (00007FFDD41E0000), size: 1081344 (result: 0), SymType: '-nosymbols-', PDB: 'C:\Windows\SYSTEM32\WINHTTP.dll', fileVersion: 10.0.19041.1151
C:\Windows\SYSTEM32\WINMM.dll:WINMM.dll (00007FFDD8020000), size: 159744 (result: 0), SymType: '-nosymbols-', PDB: 'C:\Windows\SYSTEM32\WINMM.dll', fileVersion: 10.0.19041.546
C:\Windows\SYSTEM32\HID.DLL:HID.DLL (00007FFDDFAC0000), size: 53248 (result: 0), SymType: '-nosymbols-', PDB: 'C:\Windows\SYSTEM32\HID.DLL', fileVersion: 10.0.19041.546
C:\Windows\SYSTEM32\dwmapi.dll:dwmapi.dll (00007FFDDEE40000), size: 192512 (result: 0), SymType: '-nosymbols-', PDB: 'C:\Windows\SYSTEM32\dwmapi.dll', fileVersion: 10.0.19041.746
C:\Program Files\Unity\Hub\Editor\2021.2.0b9\Editor\RadeonImageFilters.dll:RadeonImageFilters.dll (00007FFDAACE0000), size: 2961408 (result: 0), SymType: '-nosymbols-', PDB: 'C:\Program Files\Unity\Hub\Editor\2021.2.0b9\Editor\RadeonImageFilters.dll', fileVersion: 1.7.0.0
C:\Program Files\Unity\Hub\Editor\2021.2.0b9\Editor\SketchUpAPI.dll:SketchUpAPI.dll (00007FFD3CA20000), size: 9306112 (result: 0), SymType: '-nosymbols-', PDB: 'C:\Program Files\Unity\Hub\Editor\2021.2.0b9\Editor\SketchUpAPI.dll', fileVersion: 20.2.172.0
C:\Windows\SYSTEM32\VERSION.dll:VERSION.dll (00007FFDD8AA0000), size: 40960 (result: 0), SymType: '-nosymbols-', PDB: 'C:\Windows\SYSTEM32\VERSION.dll', fileVersion: 10.0.19041.546
C:\Windows\SYSTEM32\WSOCK32.dll:WSOCK32.dll (00007FFDCD140000), size: 36864 (result: 0), SymType: '-exported-', PDB: 'C:\Windows\SYSTEM32\WSOCK32.dll', fileVersion: 10.0.19041.1
C:\Windows\SYSTEM32\MSVCP140.dll:MSVCP140.dll (00007FFDA0410000), size: 577536 (result: 0), SymType: '-nosymbols-', PDB: 'C:\Windows\SYSTEM32\MSVCP140.dll', fileVersion: 14.29.30133.0
C:\Windows\SYSTEM32\VCRUNTIME140.dll:VCRUNTIME140.dll (00007FFDC0C20000), size: 110592 (result: 0), SymType: '-exported-', PDB: 'C:\Windows\SYSTEM32\VCRUNTIME140.dll', fileVersion: 14.29.30133.0
C:\Program Files\Unity\Hub\Editor\2021.2.0b9\Editor\tbb12.dll:tbb12.dll (00007FFDC7D50000), size: 389120 (result: 0), SymType: '-nosymbols-', PDB: 'C:\Program Files\Unity\Hub\Editor\2021.2.0b9\Editor\tbb12.dll'
C:\Windows\SYSTEM32\VCRUNTIME140_1.dll:VCRUNTIME140_1.dll (00007FFDD9900000), size: 49152 (result: 0), SymType: '-nosymbols-', PDB: 'C:\Windows\SYSTEM32\VCRUNTIME140_1.dll', fileVersion: 14.29.30133.0
C:\Program Files\Unity\Hub\Editor\2021.2.0b9\Editor\RadeonML.dll:RadeonML.dll (00007FFDD4E10000), size: 94208 (result: 0), SymType: '-nosymbols-', PDB: 'C:\Program Files\Unity\Hub\Editor\2021.2.0b9\Editor\RadeonML.dll', fileVersion: 0.9.11.0
C:\Program Files\Unity\Hub\Editor\2021.2.0b9\Editor\SketchUpCommonPreferences.dll:SketchUpCommonPreferences.dll (00007FFDB3770000), size: 479232 (result: 0), SymType: '-exported-', PDB: 'C:\Program Files\Unity\Hub\Editor\2021.2.0b9\Editor\SketchUpCommonPreferences.dll', fileVersion: 20.2.172.37
C:\Windows\SYSTEM32\Secur32.dll:Secur32.dll (00007FFDCC820000), size: 49152 (result: 0), SymType: '-nosymbols-', PDB: 'C:\Windows\SYSTEM32\Secur32.dll', fileVersion: 10.0.19041.546
C:\Windows\SYSTEM32\SSPICLI.DLL:SSPICLI.DLL (00007FFDE10F0000), size: 200704 (result: 0), SymType: '-exported-', PDB: 'C:\Windows\SYSTEM32\SSPICLI.DLL', fileVersion: 10.0.19041.906
C:\Program Files\Unity\Hub\Editor\2021.2.0b9\Editor\OpenRL.dll:OpenRL.dll (0000017A5A290000), size: 12779520 (result: 0), SymType: '-nosymbols-', PDB: 'C:\Program Files\Unity\Hub\Editor\2021.2.0b9\Editor\OpenRL.dll', fileVersion: 1.5.0.2907
C:\Windows\SYSTEM32\MSVCP100.dll:MSVCP100.dll (00000000500F0000), size: 622592 (result: 0), SymType: '-nosymbols-', PDB: 'C:\Windows\SYSTEM32\MSVCP100.dll', fileVersion: 10.0.40219.325
C:\Windows\SYSTEM32\MSVCR100.dll:MSVCR100.dll (0000000050190000), size: 860160 (result: 0), SymType: '-nosymbols-', PDB: 'C:\Windows\SYSTEM32\MSVCR100.dll', fileVersion: 10.0.40219.325
C:\Program Files\Unity\Hub\Editor\2021.2.0b9\Editor\embree.dll:embree.dll (00007FFD321E0000), size: 16711680 (result: 0), SymType: '-nosymbols-', PDB: 'C:\Program Files\Unity\Hub\Editor\2021.2.0b9\Editor\embree.dll', fileVersion: 2.14.0.0
C:\Program Files\Unity\Hub\Editor\2021.2.0b9\Editor\tbb.dll:tbb.dll (00007FFDB3670000), size: 413696 (result: 0), SymType: '-nosymbols-', PDB: 'C:\Program Files\Unity\Hub\Editor\2021.2.0b9\Editor\tbb.dll', fileVersion: 2017.0.2016.1004
C:\Windows\SYSTEM32\MSVCR120.dll:MSVCR120.dll (00007FFDAC4E0000), size: 978944 (result: 0), SymType: '-nosymbols-', PDB: 'C:\Windows\SYSTEM32\MSVCR120.dll', fileVersion: 12.0.40664.0
C:\Windows\SYSTEM32\MSVCP120.dll:MSVCP120.dll (00007FFDAFEC0000), size: 679936 (result: 0), SymType: '-nosymbols-', PDB: 'C:\Windows\SYSTEM32\MSVCP120.dll', fileVersion: 12.0.40664.0
C:\Windows\SYSTEM32\MSWSOCK.DLL:MSWSOCK.DLL (00007FFDE0960000), size: 434176 (result: 0), SymType: '-nosymbols-', PDB: 'C:\Windows\SYSTEM32\MSWSOCK.DLL', fileVersion: 10.0.19041.546
C:\Program Files\Unity\Hub\Editor\2021.2.0b9\Editor\OpenRL_pthread.dll:OpenRL_pthread.dll (0000017A5AEE0000), size: 61440 (result: 0), SymType: '-nosymbols-', PDB: 'C:\Program Files\Unity\Hub\Editor\2021.2.0b9\Editor\OpenRL_pthread.dll', fileVersion: 2.9.0.0
C:\Program Files\Unity\Hub\Editor\2021.2.0b9\Editor\tbbmalloc.dll:tbbmalloc.dll (00007FFDAF300000), size: 372736 (result: 0), SymType: '-nosymbols-', PDB: 'C:\Program Files\Unity\Hub\Editor\2021.2.0b9\Editor\tbbmalloc.dll', fileVersion: 2017.0.2016.1004
C:\Windows\SYSTEM32\MSASN1.dll:MSASN1.dll (00007FFDE0E10000), size: 73728 (result: 0), SymType: '-nosymbols-', PDB: 'C:\Windows\SYSTEM32\MSASN1.dll', fileVersion: 10.0.19041.546
C:\Windows\SYSTEM32\kernel.appcore.dll:kernel.appcore.dll (00007FFDDF130000), size: 73728 (result: 0), SymType: '-nosymbols-', PDB: 'C:\Windows\SYSTEM32\kernel.appcore.dll', fileVersion: 10.0.19041.546
C:\Windows\System32\bcryptPrimitives.dll:bcryptPrimitives.dll (00007FFDE1960000), size: 536576 (result: 0), SymType: '-nosymbols-', PDB: 'C:\Windows\System32\bcryptPrimitives.dll', fileVersion: 10.0.19041.1202
C:\Windows\system32\uxtheme.dll:uxtheme.dll (00007FFDDEC50000), size: 647168 (result: 0), SymType: '-nosymbols-', PDB: 'C:\Windows\system32\uxtheme.dll', fileVersion: 10.0.19041.1081
C:\Windows\System32\shcore.dll:shcore.dll (00007FFDE2F80000), size: 712704 (result: 0), SymType: '-nosymbols-', PDB: 'C:\Windows\System32\shcore.dll', fileVersion: 10.0.19041.1023
C:\Windows\SYSTEM32\windows.storage.dll:windows.storage.dll (00007FFDDF330000), size: 7929856 (result: 0), SymType: '-nosymbols-', PDB: 'C:\Windows\SYSTEM32\windows.storage.dll', fileVersion: 10.0.19041.1202
C:\Windows\SYSTEM32\Wldp.dll:Wldp.dll (00007FFDE0C80000), size: 180224 (result: 0), SymType: '-nosymbols-', PDB: 'C:\Windows\SYSTEM32\Wldp.dll', fileVersion: 10.0.19041.662
C:\Windows\SYSTEM32\profapi.dll:profapi.dll (00007FFDE1170000), size: 126976 (result: 0), SymType: '-nosymbols-', PDB: 'C:\Windows\SYSTEM32\profapi.dll', fileVersion: 10.0.19041.844
C:\Windows\System32\clbcatq.dll:clbcatq.dll (00007FFDE1DD0000), size: 692224 (result: 0), SymType: '-nosymbols-', PDB: 'C:\Windows\System32\clbcatq.dll', fileVersion: 2001.12.10941.16384
C:\Windows\System32\netprofm.dll:netprofm.dll (00007FFDDC040000), size: 253952 (result: 0), SymType: '-nosymbols-', PDB: 'C:\Windows\System32\netprofm.dll', fileVersion: 10.0.19041.906
C:\Windows\System32\npmproxy.dll:npmproxy.dll (00007FFDD5AA0000), size: 65536 (result: 0), SymType: '-nosymbols-', PDB: 'C:\Windows\System32\npmproxy.dll', fileVersion: 10.0.19041.906
C:\Windows\System32\NSI.dll:NSI.dll (00007FFDE1BF0000), size: 32768 (result: 0), SymType: '-nosymbols-', PDB: 'C:\Windows\System32\NSI.dll', fileVersion: 10.0.19041.610
C:\Windows\SYSTEM32\dhcpcsvc6.DLL:dhcpcsvc6.DLL (00007FFDD8380000), size: 94208 (result: 0), SymType: '-nosymbols-', PDB: 'C:\Windows\SYSTEM32\dhcpcsvc6.DLL', fileVersion: 10.0.19041.546
C:\Windows\SYSTEM32\dhcpcsvc.DLL:dhcpcsvc.DLL (00007FFDD8B60000), size: 118784 (result: 0), SymType: '-nosymbols-', PDB: 'C:\Windows\SYSTEM32\dhcpcsvc.DLL', fileVersion: 10.0.19041.546
C:\Windows\SYSTEM32\DNSAPI.dll:DNSAPI.dll (00007FFDE06A0000), size: 835584 (result: 0), SymType: '-nosymbols-', PDB: 'C:\Windows\SYSTEM32\DNSAPI.dll', fileVersion: 10.0.19041.1151
C:\Program Files\Bonjour\mdnsNSP.dll:mdnsNSP.dll (0000000050F90000), size: 155648 (result: 0), SymType: '-exported-', PDB: 'C:\Program Files\Bonjour\mdnsNSP.dll', fileVersion: 3.0.0.10
C:\Windows\System32\fwpuclnt.dll:fwpuclnt.dll (00007FFDD3110000), size: 520192 (result: 0), SymType: '-nosymbols-', PDB: 'C:\Windows\System32\fwpuclnt.dll', fileVersion: 10.0.19041.1081
C:\Windows\System32\rasadhlp.dll:rasadhlp.dll (00007FFDD5AF0000), size: 40960 (result: 0), SymType: '-nosymbols-', PDB: 'C:\Windows\System32\rasadhlp.dll', fileVersion: 10.0.19041.546
C:\Program Files\Unity\Hub\Editor\2021.2.0b9\Editor\NVUnityPlugin.DLL:NVUnityPlugin.DLL (00007FFDA2AD0000), size: 1576960 (result: 0), SymType: '-nosymbols-', PDB: 'C:\Program Files\Unity\Hub\Editor\2021.2.0b9\Editor\NVUnityPlugin.DLL'
C:\Windows\SYSTEM32\vulkan-1.dll:vulkan-1.dll (00007FFD9D760000), size: 1093632 (result: 0), SymType: '-nosymbols-', PDB: 'C:\Windows\SYSTEM32\vulkan-1.dll', fileVersion: 1.2.131.2
C:\Program Files\Unity\Hub\Editor\2021.2.0b9\Editor\Data\Tools\astcenc-avx2.dll:astcenc-avx2.dll (00007FFDA2690000), size: 561152 (result: 0), SymType: '-exported-', PDB: 'C:\Program Files\Unity\Hub\Editor\2021.2.0b9\Editor\Data\Tools\astcenc-avx2.dll'
C:\Windows\SYSTEM32\d3d11.dll:d3d11.dll (00007FFDDD680000), size: 2506752 (result: 0), SymType: '-nosymbols-', PDB: 'C:\Windows\SYSTEM32\d3d11.dll', fileVersion: 10.0.19041.1202
C:\Windows\SYSTEM32\dxgi.dll:dxgi.dll (00007FFDDFB20000), size: 999424 (result: 0), SymType: '-exported-', PDB: 'C:\Windows\SYSTEM32\dxgi.dll', fileVersion: 10.0.19041.964
C:\Windows\System32\DriverStore\FileRepository\nvacegpu.inf_amd64_efe127e721dd1bb8\nvldumdx.dll:nvldumdx.dll (00007FFD62B00000), size: 1056768 (result: 0), SymType: '-exported-', PDB: 'C:\Windows\System32\DriverStore\FileRepository\nvacegpu.inf_amd64_efe127e721dd1bb8\nvldumdx.dll', fileVersion: 27.21.14.5167
C:\Windows\SYSTEM32\cryptnet.dll:cryptnet.dll (00007FFDD5AB0000), size: 200704 (result: 0), SymType: '-nosymbols-', PDB: 'C:\Windows\SYSTEM32\cryptnet.dll', fileVersion: 10.0.19041.906
C:\Windows\SYSTEM32\cryptbase.dll:cryptbase.dll (00007FFDE0BA0000), size: 49152 (result: 0), SymType: '-nosymbols-', PDB: 'C:\Windows\SYSTEM32\cryptbase.dll', fileVersion: 10.0.19041.546
C:\Windows\System32\imagehlp.dll:imagehlp.dll (00007FFDE3A50000), size: 118784 (result: 0), SymType: '-nosymbols-', PDB: 'C:\Windows\System32\imagehlp.dll', fileVersion: 10.0.19041.546
C:\Windows\SYSTEM32\CRYPTSP.dll:CRYPTSP.dll (00007FFDE0B80000), size: 98304 (result: 0), SymType: '-exported-', PDB: 'C:\Windows\SYSTEM32\CRYPTSP.dll', fileVersion: 10.0.19041.546
C:\Windows\system32\rsaenh.dll:rsaenh.dll (00007FFDE0290000), size: 212992 (result: 0), SymType: '-nosymbols-', PDB: 'C:\Windows\system32\rsaenh.dll', fileVersion: 10.0.19041.1052
C:\Windows\System32\DriverStore\FileRepository\nvacegpu.inf_amd64_efe127e721dd1bb8\nvwgf2umx.dll:nvwgf2umx.dll (00007FFD39AA0000), size: 43888640 (result: 0), SymType: '-nosymbols-', PDB: 'C:\Windows\System32\DriverStore\FileRepository\nvacegpu.inf_amd64_efe127e721dd1bb8\nvwgf2umx.dll', fileVersion: 27.21.14.5167
C:\Windows\SYSTEM32\dxcore.dll:dxcore.dll (00007FFDD8140000), size: 241664 (result: 0), SymType: '-nosymbols-', PDB: 'C:\Windows\SYSTEM32\dxcore.dll', fileVersion: 10.0.19041.546
C:\Windows\system32\wbem\wbemprox.dll:wbemprox.dll (00007FFDD12A0000), size: 69632 (result: 0), SymType: '-nosymbols-', PDB: 'C:\Windows\system32\wbem\wbemprox.dll', fileVersion: 10.0.19041.1081
C:\Windows\SYSTEM32\wbemcomn.dll:wbemcomn.dll (00007FFDD1200000), size: 598016 (result: 0), SymType: '-nosymbols-', PDB: 'C:\Windows\SYSTEM32\wbemcomn.dll', fileVersion: 10.0.19041.1081
C:\Windows\system32\wbem\wbemsvc.dll:wbemsvc.dll (00007FFDCFAA0000), size: 81920 (result: 0), SymType: '-nosymbols-', PDB: 'C:\Windows\system32\wbem\wbemsvc.dll', fileVersion: 10.0.19041.1081
C:\Windows\system32\wbem\fastprox.dll:fastprox.dll (00007FFDCFB70000), size: 1093632 (result: 0), SymType: '-nosymbols-', PDB: 'C:\Windows\system32\wbem\fastprox.dll', fileVersion: 10.0.19041.546
C:\Windows\SYSTEM32\amsi.dll:amsi.dll (00007FFDCF6B0000), size: 102400 (result: 0), SymType: '-nosymbols-', PDB: 'C:\Windows\SYSTEM32\amsi.dll', fileVersion: 10.0.19041.746
C:\Windows\SYSTEM32\USERENV.dll:USERENV.dll (00007FFDE1130000), size: 188416 (result: 0), SymType: '-nosymbols-', PDB: 'C:\Windows\SYSTEM32\USERENV.dll', fileVersion: 10.0.19041.572
C:\Program Files\Avast Software\Avast\aswAMSI.dll:aswAMSI.dll (00007FFDCF500000), size: 1761280 (result: 0), SymType: '-nosymbols-', PDB: 'C:\Program Files\Avast Software\Avast\aswAMSI.dll', fileVersion: 21.8.6586.0
C:\Windows\SYSTEM32\POWRPROF.dll:POWRPROF.dll (00007FFDE0BE0000), size: 307200 (result: 0), SymType: '-nosymbols-', PDB: 'C:\Windows\SYSTEM32\POWRPROF.dll', fileVersion: 10.0.19041.546
C:\Windows\SYSTEM32\UMPDC.dll:UMPDC.dll (00007FFDE0B60000), size: 73728 (result: 0), SymType: '-nosymbols-', PDB: 'C:\Windows\SYSTEM32\UMPDC.dll'
C:\Program Files\Unity\Hub\Editor\2021.2.0b9\Editor\cudart64_90.dll:cudart64_90.dll (00007FFDA0890000), size: 397312 (result: 0), SymType: '-nosymbols-', PDB: 'C:\Program Files\Unity\Hub\Editor\2021.2.0b9\Editor\cudart64_90.dll', fileVersion: 6.14.11.9000
C:\Windows\SYSTEM32\opencl.dll:opencl.dll (00007FFDB94F0000), size: 131072 (result: 0), SymType: '-nosymbols-', PDB: 'C:\Windows\SYSTEM32\opencl.dll', fileVersion: 2.2.1.0
C:\Program Files\Unity\Hub\Editor\2021.2.0b9\Editor\radeonrays.dll:radeonrays.dll (00007FFD9E2E0000), size: 557056 (result: 0), SymType: '-nosymbols-', PDB: 'C:\Program Files\Unity\Hub\Editor\2021.2.0b9\Editor\radeonrays.dll'
C:\Program Files\Unity\Hub\Editor\2021.2.0b9\Editor\Data\MonoBleedingEdge\EmbedRuntime\mono-2.0-bdwgc.dll:mono-2.0-bdwgc.dll (00007FFD20480000), size: 9654272 (result: -529697949), SymType: '-deferred-', PDB: ''
C:\Windows\SYSTEM32\dbghelp.dll:dbghelp.dll (00007FFDD4420000), size: 1982464 (result: 0), SymType: '-nosymbols-', PDB: 'C:\Windows\SYSTEM32\dbghelp.dll', fileVersion: 10.0.19041.867
  ERROR: SymGetSymFromAddr64, GetLastError: 'Unknown error [-529697949]' (Address: 00007FF683CBAF2B)
0x00007FF683CBAF2B (Unity) (function-name not available)
  ERROR: SymGetSymFromAddr64, GetLastError: 'Unknown error [-529697949]' (Address: 00007FF683CBBA1D)
0x00007FF683CBBA1D (Unity) (function-name not available)
  ERROR: SymGetSymFromAddr64, GetLastError: 'Unknown error [-529697949]' (Address: 00007FF68488C667)
0x00007FF68488C667 (Unity) (function-name not available)
  ERROR: SymGetSymFromAddr64, GetLastError: 'Unknown error [-529697949]' (Address: 00007FF68488BDFD)
0x00007FF68488BDFD (Unity) (function-name not available)
  ERROR: SymGetSymFromAddr64, GetLastError: 'Unknown error [-529697949]' (Address: 00007FF6841D6636)
0x00007FF6841D6636 (Unity) (function-name not available)
  ERROR: SymGetSymFromAddr64, GetLastError: 'Unknown error [-529697949]' (Address: 00007FF6841D85EB)
0x00007FF6841D85EB (Unity) (function-name not available)
  ERROR: SymGetSymFromAddr64, GetLastError: 'No foi possvel encontrar o mdulo especificado.' (Address: 00007FF6841D872E)
0x00007FF6841D872E (Unity) (function-name not available)
  ERROR: SymGetSymFromAddr64, GetLastError: 'Unknown error [-529697949]' (Address: 00007FF682FC8D57)
0x00007FF682FC8D57 (Unity) (function-name not available)
  ERROR: SymGetSymFromAddr64, GetLastError: 'No foi possvel encontrar o mdulo especificado.' (Address: 00007FF683CA204D)
0x00007FF683CA204D (Unity) (function-name not available)
  ERROR: SymGetSymFromAddr64, GetLastError: 'No foi possvel encontrar o mdulo especificado.' (Address: 00007FF682FE6771)
0x00007FF682FE6771 (Unity) (function-name not available)
  ERROR: SymGetSymFromAddr64, GetLastError: 'No foi possvel encontrar o mdulo especificado.' (Address: 00007FF682FE7583)
0x00007FF682FE7583 (Unity) (function-name not available)
  ERROR: SymGetSymFromAddr64, GetLastError: 'Unknown error [-529697949]' (Address: 00007FF682FED9BD)
  ERROR: SymGetModuleInfo64, GetLastError: 'No h recursos de memria disponveis suficientes para processar este comando.' (Address: 00007FF682FED9BD)
0x00007FF682FED9BD ((<unknown>)) (function-name not available)
  ERROR: SymGetSymFromAddr64, GetLastError: 'No foi possvel encontrar o mdulo especificado.' (Address: 00007FF6848F26BC)
  ERROR: SymGetModuleInfo64, GetLastError: 'No h recursos de memria disponveis suficientes para processar este comando.' (Address: 00007FF6848F26BC)
0x00007FF6848F26BC ((<unknown>)) (function-name not available)
  ERROR: SymGetSymFromAddr64, GetLastError: 'No foi possvel encontrar o mdulo especificado.' (Address: 00007FF683CAB476)
  ERROR: SymGetModuleInfo64, GetLastError: 'No h recursos de memria disponveis suficientes para processar este comando.' (Address: 00007FF683CAB476)
0x00007FF683CAB476 ((<unknown>)) (function-name not available)
  ERROR: SymGetSymFromAddr64, GetLastError: 'No foi possvel encontrar o mdulo especificado.' (Address: 00007FF6848F556E)
  ERROR: SymGetModuleInfo64, GetLastError: 'No h recursos de memria disponveis suficientes para processar este comando.' (Address: 00007FF6848F556E)
0x00007FF6848F556E ((<unknown>)) (function-name not available)
  ERROR: SymGetSymFromAddr64, GetLastError: 'No foi possvel encontrar o mdulo especificado.' (Address: 00007FF684556C6D)
  ERROR: SymGetModuleInfo64, GetLastError: 'No h recursos de memria disponveis suficientes para processar este comando.' (Address: 00007FF684556C6D)
0x00007FF684556C6D ((<unknown>)) (function-name not available)
  ERROR: SymGetSymFromAddr64, GetLastError: 'No foi possvel encontrar o mdulo especificado.' (Address: 00007FF6845E9EF2)
  ERROR: SymGetModuleInfo64, GetLastError: 'No h recursos de memria disponveis suficientes para processar este comando.' (Address: 00007FF6845E9EF2)
0x00007FF6845E9EF2 ((<unknown>)) (function-name not available)
  ERROR: SymGetSymFromAddr64, GetLastError: 'No foi possvel encontrar o mdulo especificado.' (Address: 00007FF6845EC17D)
  ERROR: SymGetModuleInfo64, GetLastError: 'No h recursos de memria disponveis suficientes para processar este comando.' (Address: 00007FF6845EC17D)
0x00007FF6845EC17D ((<unknown>)) (function-name not available)
  ERROR: SymGetSymFromAddr64, GetLastError: 'No foi possvel encontrar o mdulo especificado.' (Address: 00007FF6845EF577)
  ERROR: SymGetModuleInfo64, GetLastError: 'No h recursos de memria disponveis suficientes para processar este comando.' (Address: 00007FF6845EF577)
0x00007FF6845EF577 ((<unknown>)) (function-name not available)
  ERROR: SymGetSymFromAddr64, GetLastError: 'No foi possvel encontrar o mdulo especificado.' (Address: 00007FF6845E8391)
  ERROR: SymGetModuleInfo64, GetLastError: 'No h recursos de memria disponveis suficientes para processar este comando.' (Address: 00007FF6845E8391)
0x00007FF6845E8391 ((<unknown>)) (function-name not available)
  ERROR: SymGetSymFromAddr64, GetLastError: 'No foi possvel encontrar o mdulo especificado.' (Address: 00007FF684582428)
  ERROR: SymGetModuleInfo64, GetLastError: 'No h recursos de memria disponveis suficientes para processar este comando.' (Address: 00007FF684582428)
0x00007FF684582428 ((<unknown>)) (function-name not available)
  ERROR: SymGetSymFromAddr64, GetLastError: 'No foi possvel encontrar o mdulo especificado.' (Address: 00007FF6845824FB)
  ERROR: SymGetModuleInfo64, GetLastError: 'No h recursos de memria disponveis suficientes para processar este comando.' (Address: 00007FF6845824FB)
0x00007FF6845824FB ((<unknown>)) (function-name not available)
  ERROR: SymGetSymFromAddr64, GetLastError: 'No foi possvel encontrar o mdulo especificado.' (Address: 00007FF683DD323F)
  ERROR: SymGetModuleInfo64, GetLastError: 'No h recursos de memria disponveis suficientes para processar este comando.' (Address: 00007FF683DD323F)
0x00007FF683DD323F ((<unknown>)) (function-name not available)
  ERROR: SymGetSymFromAddr64, GetLastError: 'No foi possvel encontrar o mdulo especificado.' (Address: 00007FF684218928)
  ERROR: SymGetModuleInfo64, GetLastError: 'No h recursos de memria disponveis suficientes para processar este comando.' (Address: 00007FF684218928)
0x00007FF684218928 ((<unknown>)) (function-name not available)
  ERROR: SymGetSymFromAddr64, GetLastError: 'No foi possvel encontrar o mdulo especificado.' (Address: 00007FF685518882)
  ERROR: SymGetModuleInfo64, GetLastError: 'No h recursos de memria disponveis suficientes para processar este comando.' (Address: 00007FF685518882)
0x00007FF685518882 ((<unknown>)) (function-name not available)
  ERROR: SymGetSymFromAddr64, GetLastError: 'Tentativa de acessar endereo invlido.' (Address: 00007FFDE1D27034)
  ERROR: SymGetModuleInfo64, GetLastError: 'No h recursos de memria disponveis suficientes para processar este comando.' (Address: 00007FFDE1D27034)
0x00007FFDE1D27034 ((<unknown>)) (function-name not available)
  ERROR: SymGetModuleInfo64, GetLastError: 'No h recursos de memria disponveis suficientes para processar este comando.' (Address: 00007FFDE3B62651)
0x00007FFDE3B62651 ((<unknown>)) RtlUserThreadStart

========== END OF STACKTRACE ===========

A crash has been intercepted by the crash handler. For call stack and other details, see the latest crash report generated in:
 * C:/Users/USUARIO/AppData/Local/Temp/Unity/Editor/Crashes
